[Fri Mar 28 17:05:22 2025] Server Start: Servidor WebSockets iniciado.
[Tue Apr  1 00:22:29 2025] Server Start: Servidor WebSockets iniciado.
[Tue Apr  1 00:23:06 2025] Server Start: Servidor WebSockets iniciado.
[Tue Apr  1 00:27:01 2025] Connection: Nueva conexión WebSocket establecida.
[Tue Apr  1 00:27:09 2025] Protocol Error: Tamaño de mensaje inválido.
[Tue Apr  1 00:28:47 2025] Connection: Nueva conexión WebSocket establecida.
[Tue Apr  1 00:33:03 2025] Connection: Nueva conexión WebSocket establecida.
[Tue Apr  1 01:16:40 2025] Server Start: Iniciando servidor de chat
[Tue Apr  1 01:16:40 2025] Server Start: Servidor WebSockets iniciado en puerto 9000
[Tue Apr  1 01:16:47 2025] Server Start: Iniciando servidor de chat
[Tue Apr  1 01:16:47 2025] Server Error: No se pudo crear contexto de WebSockets
[Tue Apr  1 01:16:57 2025] Server Start: Iniciando servidor de chat
[Tue Apr  1 01:16:57 2025] Server Start: Servidor WebSockets iniciado en puerto 9000
[Tue Apr  1 01:25:00 2025] Connection: Nueva conexión WebSocket establecida
[Tue Apr  1 01:25:00 2025] Connection Error: No se proporcionó nombre de usuario
[Tue Apr  1 11:43:37 2025] Server Start: Iniciando servidor de chat
[Tue Apr  1 11:43:37 2025] Server Start: Servidor WebSockets iniciado en puerto 9000
[Tue Apr  1 11:43:50 2025] Connection: Nueva conexión WebSocket establecida
[Tue Apr  1 11:43:50 2025] Connection Error: No se proporcionó nombre de usuario
[Tue Apr  1 11:51:32 2025] Server Start: Iniciando servidor de chat
[Tue Apr  1 11:51:32 2025] Server Start: Servidor WebSockets iniciado en puerto 9000
[Tue Apr  1 11:51:39 2025] Connection: Nueva conexión WebSocket establecida
[Tue Apr  1 11:51:39 2025] Connection Error: No se proporcionó nombre de usuario
[Tue Apr  1 11:57:05 2025] Connection: Nueva conexión WebSocket establecida
[Tue Apr  1 11:57:05 2025] Connection Error: No se proporcionó nombre de usuario
[Tue Apr  1 12:06:10 2025] Server Start: Iniciando servidor de chat
[Tue Apr  1 12:06:10 2025] Server Start: Servidor WebSockets iniciado en puerto 9000
[Tue Apr  1 12:07:20 2025] Connection: Nueva conexión WebSocket establecida
[Tue Apr  1 12:07:21 2025] Register Attempt: gustavo
[Tue Apr  1 12:07:21 2025] Register Success: Usuario gustavo registrado con ID 1
[Tue Apr  1 12:07:21 2025] Register Success: gustavo
[Tue Apr  1 12:07:36 2025] List Users: Solicitud de lista de usuarios
[Tue Apr  1 12:07:47 2025] Get User: gustavo
[Tue Apr  1 12:08:51 2025] Disconnect: gustavo
[Tue Apr  1 16:47:06 2025] Server Start: Iniciando servidor de chat
[Tue Apr  1 16:47:06 2025] Server Start: Servidor WebSockets iniciado en puerto 9000
[Tue Apr  1 16:47:18 2025] Connection: Nueva conexión WebSocket establecida
[Tue Apr  1 16:47:19 2025] Register Attempt: gustavo
[Tue Apr  1 16:47:19 2025] Register Success: Usuario gustavo registrado con ID 1
[Tue Apr  1 16:47:19 2025] Register Success: gustavo
[Tue Apr  1 16:51:30 2025] Disconnect: gustavo
[Tue Apr  1 17:14:09 2025] Server Start: Iniciando servidor de chat
[Tue Apr  1 17:14:09 2025] Server Start: Servidor WebSockets iniciado en puerto 9000
[Tue Apr  1 17:14:17 2025] Connection: Nueva conexión WebSocket establecida
[Tue Apr  1 17:14:17 2025] Register Attempt: gustavo
[Tue Apr  1 17:14:17 2025] Register Success: Usuario gustavo registrado con ID 1
[Tue Apr  1 17:14:17 2025] Register Success: gustavo
[Tue Apr  1 17:31:16 2025] Disconnect: gustavo
